2022-04-15 16:27	INFO	********** Beginning of process **********
2022-04-15 16:27	DEBUG	configFilename: \\shfs01.spencer.local\is\Greg\Projects\Public\835Split\835Split.json
2022-04-15 16:27	DEBUG	configRequest: PMI
2022-04-15 16:27	DEBUG	sourcePath: C:/Temp/835/
2022-04-15 16:27	DEBUG	extractedPayee: N1[*]PE[*]MIDWEST RADIOLOGY AND IMAGING
2022-04-15 16:27	DEBUG	archivedSuffix: _<#DATETIME#>
2022-04-15 16:27	DEBUG	processedSuffix: 
2022-04-15 16:27	DEBUG	extractedSuffix: _MWRAD
2022-04-15 16:27	DEBUG	archivedPath: C:/Temp/835/Archived/
2022-04-15 16:27	DEBUG	processedPath: C:/Temp/835/Processed/
2022-04-15 16:27	DEBUG	extractedPath: C:/Temp/835/Extracted/
2022-04-15 16:27	DEBUG	archiveSource: True
2022-04-15 16:27	DEBUG	debugMode: DEBUG
2022-04-15 16:29	INFO	********** Beginning of process **********
2022-04-15 16:29	DEBUG	configFilename: \\shfs01.spencer.local\is\Greg\Projects\Public\835Split\835Split.json
2022-04-15 16:29	DEBUG	configRequest: PMI
2022-04-15 16:29	DEBUG	sourcePath: C:/Temp/835/
2022-04-15 16:29	DEBUG	extractedPayee: N1[*]PE[*]MIDWEST RADIOLOGY AND IMAGING
2022-04-15 16:29	DEBUG	archivedSuffix: _<#DATETIME#>
2022-04-15 16:29	DEBUG	processedSuffix: 
2022-04-15 16:29	DEBUG	extractedSuffix: _MWRAD
2022-04-15 16:29	DEBUG	archivedPath: C:/Temp/835/Archived/
2022-04-15 16:29	DEBUG	processedPath: C:/Temp/835/Processed/
2022-04-15 16:29	DEBUG	extractedPath: C:/Temp/835/Extracted/
2022-04-15 16:29	DEBUG	archiveSource: True
2022-04-15 16:29	DEBUG	debugMode: DEBUG
2022-04-15 16:29	INFO	********** Beginning of process **********
2022-04-15 16:29	DEBUG	configFilename: \\shfs01.spencer.local\is\Greg\Projects\Public\835Split\835Split.json
2022-04-15 16:29	DEBUG	configRequest: PMI
2022-04-15 16:29	DEBUG	sourcePath: C:/Temp/835/
2022-04-15 16:29	DEBUG	extractedPayee: N1[*]PE[*]MIDWEST RADIOLOGY AND IMAGING
2022-04-15 16:29	DEBUG	archivedSuffix: _<#DATETIME#>
2022-04-15 16:29	DEBUG	processedSuffix: 
2022-04-15 16:29	DEBUG	extractedSuffix: _MWRAD
2022-04-15 16:29	DEBUG	archivedPath: C:/Temp/835/Archived/
2022-04-15 16:29	DEBUG	processedPath: C:/Temp/835/Processed/
2022-04-15 16:29	DEBUG	extractedPath: C:/Temp/835/Extracted/
2022-04-15 16:29	DEBUG	archiveSource: True
2022-04-15 16:29	DEBUG	debugMode: DEBUG
2022-04-15 16:29	INFO	extractedFileName: _MWRAD.277 from: 01122BS1
2022-04-15 16:29	INFO	processedFileName: .277 from: 01122BS1
2022-04-15 16:29	INFO	archivedFileName: _2022_04_151629 from: 01122BS1
2022-04-15 16:29	INFO	Document type: 277 C:/Temp/835/01122BS1
2022-04-15 16:29	WARNING	277 file format is not configured for processing: C:/Temp/835/01122BS1
2022-04-15 16:29	INFO	Archived C:/Temp/835/01122BS1 to 
	C:/Temp/835/Archived/_2022_04_151629
2022-04-15 16:29	INFO	extractedFileName: _MWRAD.277 from: 01122BS2
2022-04-15 16:29	INFO	processedFileName: .277 from: 01122BS2
2022-04-15 16:29	INFO	archivedFileName: _2022_04_151629 from: 01122BS2
2022-04-15 16:29	INFO	Document type: 277 C:/Temp/835/01122BS2
2022-04-15 16:29	WARNING	277 file format is not configured for processing: C:/Temp/835/01122BS2
2022-04-15 16:29	INFO	Archived C:/Temp/835/01122BS2 to 
	C:/Temp/835/Archived/_2022_04_151629
2022-04-15 16:29	INFO	extractedFileName: 011922BS_MWRAD.835 from: 011922BS.ERA
2022-04-15 16:29	INFO	processedFileName: 011922BS.835 from: 011922BS.ERA
2022-04-15 16:29	INFO	archivedFileName: 011922BS_2022_04_151629.ERA from: 011922BS.ERA
2022-04-15 16:29	INFO	Document type: 835 C:/Temp/835/011922BS.ERA
2022-04-15 16:29	INFO	Splitting 835 data: C:/Temp/835/011922BS.ERA
2022-04-15 16:29	INFO	Archived C:/Temp/835/011922BS.ERA to 
	C:/Temp/835/Archived/011922BS_2022_04_151629.ERA
2022-04-15 16:29	INFO	extractedFileName: 012622B1_MWRAD.835 from: 012622B1.TXT
2022-04-15 16:29	INFO	processedFileName: 012622B1.835 from: 012622B1.TXT
2022-04-15 16:29	INFO	archivedFileName: 012622B1_2022_04_151629.TXT from: 012622B1.TXT
2022-04-15 16:29	INFO	Document type: 835 C:/Temp/835/012622B1.TXT
2022-04-15 16:29	INFO	Splitting 835 data: C:/Temp/835/012622B1.TXT
2022-04-15 16:30	INFO	Archived C:/Temp/835/012622B1.TXT to 
	C:/Temp/835/Archived/012622B1_2022_04_151629.TXT
2022-04-15 16:30	INFO	extractedFileName: 012622B2_MWRAD.835 from: 012622B2.TXT
2022-04-15 16:30	INFO	processedFileName: 012622B2.835 from: 012622B2.TXT
2022-04-15 16:30	INFO	archivedFileName: 012622B2_2022_04_151630.TXT from: 012622B2.TXT
2022-04-15 16:30	INFO	Document type: 835 C:/Temp/835/012622B2.TXT
2022-04-15 16:30	INFO	Splitting 835 data: C:/Temp/835/012622B2.TXT
2022-04-15 16:30	INFO	Archived C:/Temp/835/012622B2.TXT to 
	C:/Temp/835/Archived/012622B2_2022_04_151630.TXT
2022-04-15 16:30	INFO	extractedFileName: 020222BC_MWRAD.835 from: 020222BC.ERA
2022-04-15 16:30	INFO	processedFileName: 020222BC.835 from: 020222BC.ERA
2022-04-15 16:30	INFO	archivedFileName: 020222BC_2022_04_151630.ERA from: 020222BC.ERA
2022-04-15 16:30	INFO	Document type: 835 C:/Temp/835/020222BC.ERA
2022-04-15 16:30	INFO	Splitting 835 data: C:/Temp/835/020222BC.ERA
2022-04-15 16:30	INFO	Archived C:/Temp/835/020222BC.ERA to 
	C:/Temp/835/Archived/020222BC_2022_04_151630.ERA
2022-04-15 16:30	INFO	extractedFileName: 020222BS_MWRAD.835 from: 020222BS.ERA
2022-04-15 16:30	INFO	processedFileName: 020222BS.835 from: 020222BS.ERA
2022-04-15 16:30	INFO	archivedFileName: 020222BS_2022_04_151630.ERA from: 020222BS.ERA
2022-04-15 16:30	INFO	Document type: 835 C:/Temp/835/020222BS.ERA
2022-04-15 16:30	INFO	Splitting 835 data: C:/Temp/835/020222BS.ERA
2022-04-15 16:30	INFO	Archived C:/Temp/835/020222BS.ERA to 
	C:/Temp/835/Archived/020222BS_2022_04_151630.ERA
2022-04-15 16:30	INFO	extractedFileName: 020922B1_MWRAD.835 from: 020922B1.TXT
2022-04-15 16:30	INFO	processedFileName: 020922B1.835 from: 020922B1.TXT
2022-04-15 16:30	INFO	archivedFileName: 020922B1_2022_04_151630.TXT from: 020922B1.TXT
2022-04-15 16:30	INFO	Document type: 835 C:/Temp/835/020922B1.TXT
2022-04-15 16:30	INFO	Splitting 835 data: C:/Temp/835/020922B1.TXT
2022-04-15 16:30	INFO	Archived C:/Temp/835/020922B1.TXT to 
	C:/Temp/835/Archived/020922B1_2022_04_151630.TXT
2022-04-15 16:30	INFO	extractedFileName: 020922B2_MWRAD.835 from: 020922B2.TXT
2022-04-15 16:30	INFO	processedFileName: 020922B2.835 from: 020922B2.TXT
2022-04-15 16:30	INFO	archivedFileName: 020922B2_2022_04_151630.TXT from: 020922B2.TXT
2022-04-15 16:30	INFO	Document type: 835 C:/Temp/835/020922B2.TXT
2022-04-15 16:30	INFO	Splitting 835 data: C:/Temp/835/020922B2.TXT
2022-04-15 16:30	INFO	Archived C:/Temp/835/020922B2.TXT to 
	C:/Temp/835/Archived/020922B2_2022_04_151630.TXT
2022-04-15 16:30	INFO	extractedFileName: 021622B_MWRAD.835 from: 021622B.ERA
2022-04-15 16:30	INFO	processedFileName: 021622B.835 from: 021622B.ERA
2022-04-15 16:30	INFO	archivedFileName: 021622B_2022_04_151630.ERA from: 021622B.ERA
2022-04-15 16:30	INFO	Document type: 835 C:/Temp/835/021622B.ERA
2022-04-15 16:30	INFO	Splitting 835 data: C:/Temp/835/021622B.ERA
2022-04-15 16:30	INFO	Archived C:/Temp/835/021622B.ERA to 
	C:/Temp/835/Archived/021622B_2022_04_151630.ERA
2022-04-15 16:30	INFO	extractedFileName: 030222BC_MWRAD.835 from: 030222BC.ERA
2022-04-15 16:30	INFO	processedFileName: 030222BC.835 from: 030222BC.ERA
2022-04-15 16:30	INFO	archivedFileName: 030222BC_2022_04_151630.ERA from: 030222BC.ERA
2022-04-15 16:30	INFO	Document type: 835 C:/Temp/835/030222BC.ERA
2022-04-15 16:30	INFO	Splitting 835 data: C:/Temp/835/030222BC.ERA
2022-04-15 16:30	INFO	Archived C:/Temp/835/030222BC.ERA to 
	C:/Temp/835/Archived/030222BC_2022_04_151630.ERA
2022-04-15 16:30	INFO	extractedFileName: 030222BC_GLH_ERA_MWRAD.835 from: 030222BC_GLH.ERA.txt
2022-04-15 16:30	INFO	processedFileName: 030222BC_GLH_ERA.835 from: 030222BC_GLH.ERA.txt
2022-04-15 16:30	INFO	archivedFileName: 030222BC_GLH_ERA_2022_04_151630.txt from: 030222BC_GLH.ERA.txt
2022-04-15 16:30	INFO	Document type: 835 C:/Temp/835/030222BC_GLH.ERA.txt
2022-04-15 16:30	INFO	Splitting 835 data: C:/Temp/835/030222BC_GLH.ERA.txt
2022-04-15 16:30	INFO	Archived C:/Temp/835/030222BC_GLH.ERA.txt to 
	C:/Temp/835/Archived/030222BC_GLH_ERA_2022_04_151630.txt
2022-04-15 16:30	INFO	extractedFileName: 030222BS_MWRAD.835 from: 030222BS.ERA
2022-04-15 16:30	INFO	processedFileName: 030222BS.835 from: 030222BS.ERA
2022-04-15 16:30	INFO	archivedFileName: 030222BS_2022_04_151630.ERA from: 030222BS.ERA
2022-04-15 16:30	INFO	Document type: 835 C:/Temp/835/030222BS.ERA
2022-04-15 16:30	INFO	Splitting 835 data: C:/Temp/835/030222BS.ERA
2022-04-15 16:30	INFO	Archived C:/Temp/835/030222BS.ERA to 
	C:/Temp/835/Archived/030222BS_2022_04_151630.ERA
2022-04-15 16:30	INFO	extractedFileName: 030222C_MWRAD.835 from: 030222C.ERA
2022-04-15 16:30	INFO	processedFileName: 030222C.835 from: 030222C.ERA
2022-04-15 16:30	INFO	archivedFileName: 030222C_2022_04_151630.ERA from: 030222C.ERA
2022-04-15 16:30	INFO	Document type: 835 C:/Temp/835/030222C.ERA
2022-04-15 16:30	INFO	Splitting 835 data: C:/Temp/835/030222C.ERA
2022-04-15 16:30	INFO	Archived C:/Temp/835/030222C.ERA to 
	C:/Temp/835/Archived/030222C_2022_04_151630.ERA
2022-04-15 16:30	INFO	extractedFileName: 030922B1_MWRAD.835 from: 030922B1.TXT
2022-04-15 16:30	INFO	processedFileName: 030922B1.835 from: 030922B1.TXT
2022-04-15 16:30	INFO	archivedFileName: 030922B1_2022_04_151630.TXT from: 030922B1.TXT
2022-04-15 16:30	INFO	Document type: 835 C:/Temp/835/030922B1.TXT
2022-04-15 16:30	INFO	Splitting 835 data: C:/Temp/835/030922B1.TXT
2022-04-15 16:30	INFO	Archived C:/Temp/835/030922B1.TXT to 
	C:/Temp/835/Archived/030922B1_2022_04_151630.TXT
2022-04-15 16:30	INFO	extractedFileName: 030922B2_MWRAD.835 from: 030922B2.TXT
2022-04-15 16:30	INFO	processedFileName: 030922B2.835 from: 030922B2.TXT
2022-04-15 16:30	INFO	archivedFileName: 030922B2_2022_04_151630.TXT from: 030922B2.TXT
2022-04-15 16:30	INFO	Document type: 835 C:/Temp/835/030922B2.TXT
2022-04-15 16:30	INFO	Splitting 835 data: C:/Temp/835/030922B2.TXT
2022-04-15 16:30	INFO	Archived C:/Temp/835/030922B2.TXT to 
	C:/Temp/835/Archived/030922B2_2022_04_151630.TXT
2022-04-15 16:30	INFO	extractedFileName: 032322B1_MWRAD.835 from: 032322B1.TXT
2022-04-15 16:30	INFO	processedFileName: 032322B1.835 from: 032322B1.TXT
2022-04-15 16:30	INFO	archivedFileName: 032322B1_2022_04_151630.TXT from: 032322B1.TXT
2022-04-15 16:30	INFO	Document type: 835 C:/Temp/835/032322B1.TXT
2022-04-15 16:30	INFO	Splitting 835 data: C:/Temp/835/032322B1.TXT
2022-04-15 16:30	INFO	Archived C:/Temp/835/032322B1.TXT to 
	C:/Temp/835/Archived/032322B1_2022_04_151630.TXT
2022-04-15 16:30	INFO	extractedFileName: 032322B2_MWRAD.835 from: 032322B2.TXT
2022-04-15 16:30	INFO	processedFileName: 032322B2.835 from: 032322B2.TXT
2022-04-15 16:30	INFO	archivedFileName: 032322B2_2022_04_151630.TXT from: 032322B2.TXT
2022-04-15 16:30	INFO	Document type: 835 C:/Temp/835/032322B2.TXT
2022-04-15 16:30	INFO	Splitting 835 data: C:/Temp/835/032322B2.TXT
2022-04-15 16:30	INFO	Archived C:/Temp/835/032322B2.TXT to 
	C:/Temp/835/Archived/032322B2_2022_04_151630.TXT
2022-04-15 16:30	INFO	extractedFileName: GH032322B2_MWRAD.835 from: GH032322B2.TXT
2022-04-15 16:30	INFO	processedFileName: GH032322B2.835 from: GH032322B2.TXT
2022-04-15 16:30	INFO	archivedFileName: GH032322B2_2022_04_151630.TXT from: GH032322B2.TXT
2022-04-15 16:30	INFO	Document type: 835 C:/Temp/835/GH032322B2.TXT
2022-04-15 16:30	INFO	Splitting 835 data: C:/Temp/835/GH032322B2.TXT
2022-04-15 16:30	INFO	Archived C:/Temp/835/GH032322B2.TXT to 
	C:/Temp/835/Archived/GH032322B2_2022_04_151630.TXT
2022-04-15 16:30	INFO	extractedFileName: GLH_030222BC_XXX_ERA_MWRAD.835 from: GLH_030222BC.XXX.ERA.txt
2022-04-15 16:30	INFO	processedFileName: GLH_030222BC_XXX_ERA.835 from: GLH_030222BC.XXX.ERA.txt
2022-04-15 16:30	INFO	archivedFileName: GLH_030222BC_XXX_ERA_2022_04_151630.txt from: GLH_030222BC.XXX.ERA.txt
2022-04-15 16:30	INFO	Document type: 835 C:/Temp/835/GLH_030222BC.XXX.ERA.txt
2022-04-15 16:30	INFO	Splitting 835 data: C:/Temp/835/GLH_030222BC.XXX.ERA.txt
2022-04-15 16:30	INFO	Archived C:/Temp/835/GLH_030222BC.XXX.ERA.txt to 
	C:/Temp/835/Archived/GLH_030222BC_XXX_ERA_2022_04_151630.txt
